HTML успешно обновлен

=================================
Сервер запущен!
Сайт: http://localhost:3000
Админ-панель: http://localhost:3000/admin
=================================

HTML успешно обновлен
HTML успешно обновлен
HTML успешно обновлен
HTML успешно обновлен
HTML успешно обновлен
HTML успешно обновлен
HTML успешно обновлен
HTML успешно обновлен
HTML успешно обновлен
HTML успешно обновлен
HTML успешно обновлен
HTML успешно обновлен
HTML успешно обновлен
HTML успешно обновлен
HTML успешно обновлен
HTML успешно обновлен
HTML успешно обновлен
HTML успешно обновлен
HTML успешно обновлен
HTML успешно обновлен
